Traceback (most recent call last):
  File "/Users/juliacordero/Documents/Python/LogiwaScraping/Main.py", line 1, in <module>
    from GetFile import get_file
  File "/Users/juliacordero/Documents/Python/LogiwaScraping/GetFile.py", line 9, in <module>
    import chromedriver_autoinstaller
ModuleNotFoundError: No module named 'chromedriver_autoinstaller'
Traceback (most recent call last):
  File "/Users/juliacordero/Documents/Python/LogiwaScraping/Main.py", line 1, in <module>
    from GetFile import get_file
  File "/Users/juliacordero/Documents/Python/LogiwaScraping/GetFile.py", line 9, in <module>
    import chromedriver_autoinstaller
ModuleNotFoundError: No module named 'chromedriver_autoinstaller'
Traceback (most recent call last):
  File "/Users/juliacordero/Documents/Python/LogiwaScraping/Main.py", line 1, in <module>
    from GetFile import get_file
  File "/Users/juliacordero/Documents/Python/LogiwaScraping/GetFile.py", line 9, in <module>
    import chromedriver_autoinstaller
ModuleNotFoundError: No module named 'chromedriver_autoinstaller'
Traceback (most recent call last):
  File "/Users/juliacordero/Documents/Python/LogiwaScraping/Main.py", line 1, in <module>
    from GetFile import get_file
  File "/Users/juliacordero/Documents/Python/LogiwaScraping/GetFile.py", line 9, in <module>
    import chromedriver_autoinstaller
ModuleNotFoundError: No module named 'chromedriver_autoinstaller'
Traceback (most recent call last):
  File "/Users/juliacordero/Documents/Python/LogiwaScraping/Main.py", line 1, in <module>
    from GetFile import get_file
  File "/Users/juliacordero/Documents/Python/LogiwaScraping/GetFile.py", line 9, in <module>
    import chromedriver_autoinstaller
ModuleNotFoundError: No module named 'chromedriver_autoinstaller'
Traceback (most recent call last):
  File "/Users/juliacordero/Documents/Python/LogiwaScraping/Main.py", line 1, in <module>
    from GetFile import get_file
  File "/Users/juliacordero/Documents/Python/LogiwaScraping/GetFile.py", line 9, in <module>
    import chromedriver_autoinstaller
ModuleNotFoundError: No module named 'chromedriver_autoinstaller'
Traceback (most recent call last):
  File "/Users/juliacordero/Documents/Python/LogiwaScraping/Main.py", line 1, in <module>
    from GetFile import get_file
  File "/Users/juliacordero/Documents/Python/LogiwaScraping/GetFile.py", line 9, in <module>
    import chromedriver_autoinstaller
ModuleNotFoundError: No module named 'chromedriver_autoinstaller'
Traceback (most recent call last):
  File "/Users/juliacordero/Documents/Python/LogiwaScraping/Main.py", line 1, in <module>
    from GetFile import get_file
  File "/Users/juliacordero/Documents/Python/LogiwaScraping/GetFile.py", line 9, in <module>
    import chromedriver_autoinstaller
ModuleNotFoundError: No module named 'chromedriver_autoinstaller'
Traceback (most recent call last):
  File "/Users/juliacordero/Documents/Python/LogiwaScraping/Main.py", line 1, in <module>
    from GetFile import get_file
  File "/Users/juliacordero/Documents/Python/LogiwaScraping/GetFile.py", line 9, in <module>
    import chromedriver_autoinstaller
ModuleNotFoundError: No module named 'chromedriver_autoinstaller'
Traceback (most recent call last):
  File "/Users/juliacordero/Documents/Python/LogiwaScraping/Main.py", line 1, in <module>
    from GetFile import get_file
  File "/Users/juliacordero/Documents/Python/LogiwaScraping/GetFile.py", line 9, in <module>
    import chromedriver_autoinstaller
ModuleNotFoundError: No module named 'chromedriver_autoinstaller'
Traceback (most recent call last):
  File "/Users/juliacordero/Documents/Python/LogiwaScraping/Main.py", line 1, in <module>
    from GetFile import get_file
  File "/Users/juliacordero/Documents/Python/LogiwaScraping/GetFile.py", line 9, in <module>
    import chromedriver_autoinstaller
ModuleNotFoundError: No module named 'chromedriver_autoinstaller'
Traceback (most recent call last):
  File "/Users/juliacordero/Documents/Python/LogiwaScraping/Main.py", line 1, in <module>
    from GetFile import get_file
  File "/Users/juliacordero/Documents/Python/LogiwaScraping/GetFile.py", line 9, in <module>
    import chromedriver_autoinstaller
ModuleNotFoundError: No module named 'chromedriver_autoinstaller'
Traceback (most recent call last):
  File "/Users/juliacordero/Documents/Python/LogiwaScraping/Main.py", line 1, in <module>
    from GetFile import get_file
  File "/Users/juliacordero/Documents/Python/LogiwaScraping/GetFile.py", line 9, in <module>
    import chromedriver_autoinstaller
ModuleNotFoundError: No module named 'chromedriver_autoinstaller'
Traceback (most recent call last):
  File "/Users/juliacordero/Documents/Python/LogiwaScraping/Main.py", line 1, in <module>
    from GetFile import get_file
  File "/Users/juliacordero/Documents/Python/LogiwaScraping/GetFile.py", line 9, in <module>
    import chromedriver_autoinstaller
ModuleNotFoundError: No module named 'chromedriver_autoinstaller'
Traceback (most recent call last):
  File "/Users/juliacordero/Documents/Python/LogiwaScraping/Main.py", line 1, in <module>
    from GetFile import get_file
  File "/Users/juliacordero/Documents/Python/LogiwaScraping/GetFile.py", line 9, in <module>
    import chromedriver_autoinstaller
ModuleNotFoundError: No module named 'chromedriver_autoinstaller'
Traceback (most recent call last):
  File "/Users/juliacordero/Documents/Python/LogiwaScraping/Main.py", line 1, in <module>
    from GetFile import get_file
  File "/Users/juliacordero/Documents/Python/LogiwaScraping/GetFile.py", line 9, in <module>
    import chromedriver_autoinstaller
ModuleNotFoundError: No module named 'chromedriver_autoinstaller'
Traceback (most recent call last):
  File "/Users/juliacordero/Documents/Python/LogiwaScraping/Main.py", line 1, in <module>
    from GetFile import get_file
  File "/Users/juliacordero/Documents/Python/LogiwaScraping/GetFile.py", line 9, in <module>
    import chromedriver_autoinstaller
ModuleNotFoundError: No module named 'chromedriver_autoinstaller'
Traceback (most recent call last):
  File "/Users/juliacordero/Documents/Python/LogiwaScraping/Main.py", line 1, in <module>
    from GetFile import get_file
  File "/Users/juliacordero/Documents/Python/LogiwaScraping/GetFile.py", line 9, in <module>
    import chromedriver_autoinstaller
ModuleNotFoundError: No module named 'chromedriver_autoinstaller'
Traceback (most recent call last):
  File "/Users/juliacordero/Documents/Python/LogiwaScraping/Main.py", line 1, in <module>
    from GetFile import get_file
  File "/Users/juliacordero/Documents/Python/LogiwaScraping/GetFile.py", line 9, in <module>
    import chromedriver_autoinstaller
ModuleNotFoundError: No module named 'chromedriver_autoinstaller'
Traceback (most recent call last):
  File "/Users/juliacordero/Documents/Python/LogiwaScraping/Main.py", line 1, in <module>
    from GetFile import get_file
  File "/Users/juliacordero/Documents/Python/LogiwaScraping/GetFile.py", line 9, in <module>
    import chromedriver_autoinstaller
ModuleNotFoundError: No module named 'chromedriver_autoinstaller'
Traceback (most recent call last):
  File "/Users/juliacordero/Documents/Python/LogiwaScraping/Main.py", line 1, in <module>
    from GetFile import get_file
  File "/Users/juliacordero/Documents/Python/LogiwaScraping/GetFile.py", line 9, in <module>
    import chromedriver_autoinstaller
ModuleNotFoundError: No module named 'chromedriver_autoinstaller'
Traceback (most recent call last):
  File "/Users/juliacordero/Documents/Python/LogiwaScraping/Main.py", line 1, in <module>
    from GetFile import get_file
  File "/Users/juliacordero/Documents/Python/LogiwaScraping/GetFile.py", line 9, in <module>
    import chromedriver_autoinstaller
ModuleNotFoundError: No module named 'chromedriver_autoinstaller'
Traceback (most recent call last):
  File "/Users/juliacordero/Documents/Python/LogiwaScraping/Main.py", line 1, in <module>
    from GetFile import get_file
  File "/Users/juliacordero/Documents/Python/LogiwaScraping/GetFile.py", line 9, in <module>
    import chromedriver_autoinstaller
ModuleNotFoundError: No module named 'chromedriver_autoinstaller'
Traceback (most recent call last):
  File "/Users/juliacordero/Documents/Python/LogiwaScraping/Main.py", line 1, in <module>
    from GetFile import get_file
  File "/Users/juliacordero/Documents/Python/LogiwaScraping/GetFile.py", line 9, in <module>
    import chromedriver_autoinstaller
ModuleNotFoundError: No module named 'chromedriver_autoinstaller'
Traceback (most recent call last):
  File "/Users/juliacordero/Documents/Python/LogiwaScraping/Main.py", line 1, in <module>
    from GetFile import get_file
  File "/Users/juliacordero/Documents/Python/LogiwaScraping/GetFile.py", line 9, in <module>
    import chromedriver_autoinstaller
ModuleNotFoundError: No module named 'chromedriver_autoinstaller'
Traceback (most recent call last):
  File "/Users/juliacordero/Documents/Python/LogiwaScraping/Main.py", line 1, in <module>
    from GetFile import get_file
  File "/Users/juliacordero/Documents/Python/LogiwaScraping/GetFile.py", line 9, in <module>
    import chromedriver_autoinstaller
ModuleNotFoundError: No module named 'chromedriver_autoinstaller'
Traceback (most recent call last):
  File "/Users/juliacordero/Documents/Python/LogiwaScraping/Main.py", line 1, in <module>
    from GetFile import get_file
  File "/Users/juliacordero/Documents/Python/LogiwaScraping/GetFile.py", line 9, in <module>
    import chromedriver_autoinstaller
ModuleNotFoundError: No module named 'chromedriver_autoinstaller'
Traceback (most recent call last):
  File "/Users/juliacordero/Documents/Python/LogiwaScraping/Main.py", line 1, in <module>
    from GetFile import get_file
  File "/Users/juliacordero/Documents/Python/LogiwaScraping/GetFile.py", line 9, in <module>
    import chromedriver_autoinstaller
ModuleNotFoundError: No module named 'chromedriver_autoinstaller'
Traceback (most recent call last):
  File "/Users/juliacordero/Documents/Python/LogiwaScraping/Main.py", line 1, in <module>
    from GetFile import get_file
  File "/Users/juliacordero/Documents/Python/LogiwaScraping/GetFile.py", line 9, in <module>
    import chromedriver_autoinstaller
ModuleNotFoundError: No module named 'chromedriver_autoinstaller'
Traceback (most recent call last):
  File "/Users/juliacordero/Documents/Python/LogiwaScraping/Main.py", line 1, in <module>
    from GetFile import get_file
  File "/Users/juliacordero/Documents/Python/LogiwaScraping/GetFile.py", line 9, in <module>
    import chromedriver_autoinstaller
ModuleNotFoundError: No module named 'chromedriver_autoinstaller'
Traceback (most recent call last):
  File "/Users/juliacordero/Documents/Python/LogiwaScraping/Main.py", line 1, in <module>
    from GetFile import get_file
  File "/Users/juliacordero/Documents/Python/LogiwaScraping/GetFile.py", line 9, in <module>
    import chromedriver_autoinstaller
ModuleNotFoundError: No module named 'chromedriver_autoinstaller'
Traceback (most recent call last):
  File "/Users/juliacordero/Documents/Python/LogiwaScraping/Main.py", line 1, in <module>
    from GetFile import get_file
  File "/Users/juliacordero/Documents/Python/LogiwaScraping/GetFile.py", line 9, in <module>
    import chromedriver_autoinstaller
ModuleNotFoundError: No module named 'chromedriver_autoinstaller'
Traceback (most recent call last):
  File "/Users/juliacordero/Documents/Python/LogiwaScraping/Main.py", line 1, in <module>
    from GetFile import get_file
  File "/Users/juliacordero/Documents/Python/LogiwaScraping/GetFile.py", line 9, in <module>
    import chromedriver_autoinstaller
ModuleNotFoundError: No module named 'chromedriver_autoinstaller'
Traceback (most recent call last):
  File "/Users/juliacordero/Documents/Python/LogiwaScraping/Main.py", line 1, in <module>
    from GetFile import get_file
  File "/Users/juliacordero/Documents/Python/LogiwaScraping/GetFile.py", line 9, in <module>
    import chromedriver_autoinstaller
ModuleNotFoundError: No module named 'chromedriver_autoinstaller'
Traceback (most recent call last):
  File "/Users/juliacordero/Documents/Python/LogiwaScraping/Main.py", line 1, in <module>
    from GetFile import get_file
  File "/Users/juliacordero/Documents/Python/LogiwaScraping/GetFile.py", line 9, in <module>
    import chromedriver_autoinstaller
ModuleNotFoundError: No module named 'chromedriver_autoinstaller'
Traceback (most recent call last):
  File "/Users/juliacordero/Documents/Python/LogiwaScraping/Main.py", line 1, in <module>
    from GetFile import get_file
  File "/Users/juliacordero/Documents/Python/LogiwaScraping/GetFile.py", line 9, in <module>
    import chromedriver_autoinstaller
ModuleNotFoundError: No module named 'chromedriver_autoinstaller'
Traceback (most recent call last):
  File "/Users/juliacordero/Documents/Python/LogiwaScraping/Main.py", line 1, in <module>
    from GetFile import get_file
  File "/Users/juliacordero/Documents/Python/LogiwaScraping/GetFile.py", line 9, in <module>
    import chromedriver_autoinstaller
ModuleNotFoundError: No module named 'chromedriver_autoinstaller'
Traceback (most recent call last):
  File "/Users/juliacordero/Documents/Python/LogiwaScraping/Main.py", line 1, in <module>
    from GetFile import get_file
  File "/Users/juliacordero/Documents/Python/LogiwaScraping/GetFile.py", line 9, in <module>
    import chromedriver_autoinstaller
ModuleNotFoundError: No module named 'chromedriver_autoinstaller'
Traceback (most recent call last):
  File "/Users/juliacordero/Documents/Python/LogiwaScraping/Main.py", line 1, in <module>
    from GetFile import get_file
  File "/Users/juliacordero/Documents/Python/LogiwaScraping/GetFile.py", line 9, in <module>
    import chromedriver_autoinstaller
ModuleNotFoundError: No module named 'chromedriver_autoinstaller'
Traceback (most recent call last):
  File "/Users/juliacordero/Documents/Python/LogiwaScraping/Main.py", line 1, in <module>
    from GetFile import get_file
  File "/Users/juliacordero/Documents/Python/LogiwaScraping/GetFile.py", line 9, in <module>
    import chromedriver_autoinstaller
ModuleNotFoundError: No module named 'chromedriver_autoinstaller'
Traceback (most recent call last):
  File "/Users/juliacordero/Documents/Python/LogiwaScraping/Main.py", line 1, in <module>
    from GetFile import get_file
  File "/Users/juliacordero/Documents/Python/LogiwaScraping/GetFile.py", line 9, in <module>
    import chromedriver_autoinstaller
ModuleNotFoundError: No module named 'chromedriver_autoinstaller'
Traceback (most recent call last):
  File "/Users/juliacordero/Documents/Python/LogiwaScraping/Main.py", line 1, in <module>
    from GetFile import get_file
  File "/Users/juliacordero/Documents/Python/LogiwaScraping/GetFile.py", line 9, in <module>
    import chromedriver_autoinstaller
ModuleNotFoundError: No module named 'chromedriver_autoinstaller'
Traceback (most recent call last):
  File "/Users/juliacordero/Documents/Python/LogiwaScraping/Main.py", line 1, in <module>
    from GetFile import get_file
  File "/Users/juliacordero/Documents/Python/LogiwaScraping/GetFile.py", line 9, in <module>
    import chromedriver_autoinstaller
ModuleNotFoundError: No module named 'chromedriver_autoinstaller'
Traceback (most recent call last):
  File "/Users/juliacordero/Documents/Python/LogiwaScraping/Main.py", line 1, in <module>
    from GetFile import get_file
  File "/Users/juliacordero/Documents/Python/LogiwaScraping/GetFile.py", line 9, in <module>
    import chromedriver_autoinstaller
ModuleNotFoundError: No module named 'chromedriver_autoinstaller'
Traceback (most recent call last):
  File "/Users/juliacordero/Documents/Python/LogiwaScraping/Main.py", line 1, in <module>
    from GetFile import get_file
  File "/Users/juliacordero/Documents/Python/LogiwaScraping/GetFile.py", line 9, in <module>
    import chromedriver_autoinstaller
ModuleNotFoundError: No module named 'chromedriver_autoinstaller'
