<selenium.webdriver.remote.webelement.WebElement (session="3180d238f7c983f17163a1add5583a1a", element="f.4739C906188BE37E3B3F6EB34D20CF12.d.0F6A6B0727CFBB700D677EBD88B165F5.e.4")>
<selenium.webdriver.remote.webelement.WebElement (session="3180d238f7c983f17163a1add5583a1a", element="f.4739C906188BE37E3B3F6EB34D20CF12.d.0F6A6B0727CFBB700D677EBD88B165F5.e.5")>
No login handle needed
No login handle needed
Latest download file: /Users/juliacordero/Downloads/InventoryReport-01292025_112907.xlsx
Email sent successfully!
<selenium.webdriver.remote.webelement.WebElement (session="7dc0125cabab1d65cf7d515bf3ae1b98", element="f.478FD2B5B507D49298F2B76033DD06F7.d.2E3F67D48DC44902D4F7F852C50C0AF6.e.4")>
<selenium.webdriver.remote.webelement.WebElement (session="7dc0125cabab1d65cf7d515bf3ae1b98", element="f.478FD2B5B507D49298F2B76033DD06F7.d.2E3F67D48DC44902D4F7F852C50C0AF6.e.5")>
Latest download file: /Users/juliacordero/Downloads/InventoryReport-01292025_113153.xlsx
Email sent successfully!
<selenium.webdriver.remote.webelement.WebElement (session="07d9adcf452959d5aa3cb0eb8532e003", element="f.97C3F4039CAF1E806DCF0EFD319A091C.d.D5ABA8B6921BA7788A35C2C81FB1D889.e.4")>
<selenium.webdriver.remote.webelement.WebElement (session="07d9adcf452959d5aa3cb0eb8532e003", element="f.97C3F4039CAF1E806DCF0EFD319A091C.d.D5ABA8B6921BA7788A35C2C81FB1D889.e.5")>
Latest download file: /Users/juliacordero/Downloads/InventoryReport-01292025_113506.xlsx
Email sent successfully!
<selenium.webdriver.remote.webelement.WebElement (session="b093907b0aaa3fabbe2780e8aeb3779b", element="f.AA9188CFDF47B735DA9C01D5311E456C.d.32098014B034771F141362B2611B7DF1.e.4")>
<selenium.webdriver.remote.webelement.WebElement (session="b093907b0aaa3fabbe2780e8aeb3779b", element="f.AA9188CFDF47B735DA9C01D5311E456C.d.32098014B034771F141362B2611B7DF1.e.5")>
No login handle needed
No login handle needed
Latest download file: /Users/juliacordero/Downloads/InventoryReport-01292025_120038.xlsx
Email sent successfully! at 2025-01-29 17:00:53.760006
<selenium.webdriver.remote.webelement.WebElement (session="d50be924364acf9f650df15bc15c8ad1", element="f.B93DD656B939606CD5403FFBB9E83F51.d.7F704EC27E1E92A230B8DD20367BCA37.e.4")>
<selenium.webdriver.remote.webelement.WebElement (session="d50be924364acf9f650df15bc15c8ad1", element="f.B93DD656B939606CD5403FFBB9E83F51.d.7F704EC27E1E92A230B8DD20367BCA37.e.5")>
Latest download file: /Users/juliacordero/Downloads/InventoryReport-01292025_130056.xlsx
Email sent successfully! at 2025-01-29 18:01:09.875541
<selenium.webdriver.remote.webelement.WebElement (session="245dd9cdaf3487e4bd098aa47e597126", element="f.8231AB6E67218D03E6439EB11EE6D0F9.d.621ADE7E8F66105160DB9CF5BE4344A0.e.4")>
<selenium.webdriver.remote.webelement.WebElement (session="245dd9cdaf3487e4bd098aa47e597126", element="f.8231AB6E67218D03E6439EB11EE6D0F9.d.621ADE7E8F66105160DB9CF5BE4344A0.e.5")>
Latest download file: /Users/juliacordero/Downloads/InventoryReport-01292025_140035.xlsx
Email sent successfully! at 2025-01-29 19:00:48.878024
<selenium.webdriver.remote.webelement.WebElement (session="4ac90071299020d63dd56a01cb4bd221", element="f.621762C17A2A725A13414E5D99E19449.d.EC892BB99B5ED462E2C76A4B6018BE0D.e.4")>
<selenium.webdriver.remote.webelement.WebElement (session="4ac90071299020d63dd56a01cb4bd221", element="f.621762C17A2A725A13414E5D99E19449.d.EC892BB99B5ED462E2C76A4B6018BE0D.e.5")>
<selenium.webdriver.remote.webelement.WebElement (session="afad56319e98221b93601d899b796c14", element="f.2E499830795BEF969CC149809B971BCB.d.145964E9B968CB0D199AAECF40DC257A.e.4")>
<selenium.webdriver.remote.webelement.WebElement (session="afad56319e98221b93601d899b796c14", element="f.2E499830795BEF969CC149809B971BCB.d.145964E9B968CB0D199AAECF40DC257A.e.5")>
No login handle needed
No login handle needed
Latest download file: /Users/juliacordero/Downloads/InventoryReport-01292025_210700.xlsx
Email sent successfully! at 2025-01-30 02:07:13.993970
<selenium.webdriver.remote.webelement.WebElement (session="2825b14efa7d67b34c61addf20c3405b", element="f.1FF3D21FEC47448AD6578ECD8660E0B5.d.A43D91A7053097E5BF7116EE7985B607.e.4")>
<selenium.webdriver.remote.webelement.WebElement (session="2825b14efa7d67b34c61addf20c3405b", element="f.1FF3D21FEC47448AD6578ECD8660E0B5.d.A43D91A7053097E5BF7116EE7985B607.e.5")>
<selenium.webdriver.remote.webelement.WebElement (session="29042a18b3e323d21cec09dbf212b5ad", element="f.105F0AF96332181C457C0B7B61E7A822.d.4ECBE3DC02EF3955AB0C725A59140273.e.4")>
<selenium.webdriver.remote.webelement.WebElement (session="29042a18b3e323d21cec09dbf212b5ad", element="f.105F0AF96332181C457C0B7B61E7A822.d.4ECBE3DC02EF3955AB0C725A59140273.e.5")>
No login handle needed
No login handle needed
<selenium.webdriver.remote.webelement.WebElement (session="aa33f6aa66203c72c036e2667b8c41f5", element="f.2515D33145EC4600D3D2FBF8265B5F8F.d.2F005303FEFAF4BB187814F1F27894E0.e.4")>
<selenium.webdriver.remote.webelement.WebElement (session="aa33f6aa66203c72c036e2667b8c41f5", element="f.2515D33145EC4600D3D2FBF8265B5F8F.d.2F005303FEFAF4BB187814F1F27894E0.e.5")>
No login handle needed
No login handle needed
<selenium.webdriver.remote.webelement.WebElement (session="9ebc399376b26833873e8e72d02ac932", element="f.FD50AAB12D820F072A61485B4C1FB136.d.714C7D295BADD6DD2640AFA515CBFAD4.e.4")>
<selenium.webdriver.remote.webelement.WebElement (session="9ebc399376b26833873e8e72d02ac932", element="f.FD50AAB12D820F072A61485B4C1FB136.d.714C7D295BADD6DD2640AFA515CBFAD4.e.5")>
Latest download file: /Users/juliacordero/Downloads/InventoryReport-01302025_070034.xlsx
Email sent successfully! at 2025-01-30 12:00:48.492021
<selenium.webdriver.remote.webelement.WebElement (session="12323a3d8601972ed13667a9c121f57b", element="f.6B0FF95B79DE013A999A36D6515F2127.d.E3000CF77CBD9E475AB4DFA5D0C29D64.e.4")>
<selenium.webdriver.remote.webelement.WebElement (session="12323a3d8601972ed13667a9c121f57b", element="f.6B0FF95B79DE013A999A36D6515F2127.d.E3000CF77CBD9E475AB4DFA5D0C29D64.e.5")>
Latest download file: /Users/juliacordero/Downloads/InventoryReport-01302025_080039.xlsx
Failed to send email: (503, b'5.5.1 RCPT first. A mail transaction protocol command was issued out of\n5.5.1 sequence. For more information, go to\n5.5.1  https://support.google.com/a/answer/3221692 and review RFC 5321\n5.5.1 specifications. d9443c01a7336-21de31f615bsm15752665ad.59 - gsmtp')
<selenium.webdriver.remote.webelement.WebElement (session="0992d77630e2c9e24334366fd4a91ac1", element="f.63E0283F644C1192989E59583562814D.d.5DEFC79F2BD2D9BAC1CB6A586AB60E61.e.4")>
<selenium.webdriver.remote.webelement.WebElement (session="0992d77630e2c9e24334366fd4a91ac1", element="f.63E0283F644C1192989E59583562814D.d.5DEFC79F2BD2D9BAC1CB6A586AB60E61.e.5")>
Latest download file: /Users/juliacordero/Downloads/InventoryReport-01302025_090105.xlsx
Failed to send email: (503, b'5.5.1 RCPT first. A mail transaction protocol command was issued out of\n5.5.1 sequence. For more information, go to\n5.5.1  https://support.google.com/a/answer/3221692 and review RFC 5321\n5.5.1 specifications. d2e1a72fcca58-72fe6a1a75bsm1658461b3a.167 - gsmtp')
<selenium.webdriver.remote.webelement.WebElement (session="f6ab2cb975b809e248e2b895da9494f3", element="f.86F7383ADB0A5F6D8608F980044E93D6.d.2F82734D92FAADDBC26D28CA56170A32.e.4")>
<selenium.webdriver.remote.webelement.WebElement (session="f6ab2cb975b809e248e2b895da9494f3", element="f.86F7383ADB0A5F6D8608F980044E93D6.d.2F82734D92FAADDBC26D28CA56170A32.e.5")>
No login handle needed
No login handle needed
Latest download file: /Users/juliacordero/Downloads/InventoryReport-01302025_100053.xlsx
Failed to send email: (503, b'5.5.1 RCPT first. A mail transaction protocol command was issued out of\n5.5.1 sequence. For more information, go to\n5.5.1  https://support.google.com/a/answer/3221692 and review RFC 5321\n5.5.1 specifications. 41be03b00d2f7-acebe385085sm1442085a12.25 - gsmtp')
<selenium.webdriver.remote.webelement.WebElement (session="36c942f32d37f33fc502d2fa452d5ecb", element="f.341A361BD617A0F1AAA97372E06007E6.d.83653FB2BA4768DB03FE07A32E5987AF.e.4")>
<selenium.webdriver.remote.webelement.WebElement (session="36c942f32d37f33fc502d2fa452d5ecb", element="f.341A361BD617A0F1AAA97372E06007E6.d.83653FB2BA4768DB03FE07A32E5987AF.e.5")>
No login handle needed
No login handle needed
<selenium.webdriver.remote.webelement.WebElement (session="b87f149f4932337295ed0770eb88b2f9", element="f.5AFA0BE0B96D2E9DD104C211BCC0FF16.d.AA81EA1C20241D1A92E39BEEA40039B5.e.4")>
<selenium.webdriver.remote.webelement.WebElement (session="b87f149f4932337295ed0770eb88b2f9", element="f.5AFA0BE0B96D2E9DD104C211BCC0FF16.d.AA81EA1C20241D1A92E39BEEA40039B5.e.5")>
Latest download file: /Users/juliacordero/Downloads/InventoryReport-01302025_120042.xlsx
Email sent successfully! at 2025-01-30 17:00:55.790100
<selenium.webdriver.remote.webelement.WebElement (session="07f5b3df2fbd80a2d086ac1650bd4abd", element="f.E1493EAF62DAB63CECFDCEEBEEEC3EA9.d.554458E156CA7597EF082388DF1F85E2.e.4")>
<selenium.webdriver.remote.webelement.WebElement (session="07f5b3df2fbd80a2d086ac1650bd4abd", element="f.E1493EAF62DAB63CECFDCEEBEEEC3EA9.d.554458E156CA7597EF082388DF1F85E2.e.5")>
No login handle needed
No login handle needed
Latest download file: /Users/juliacordero/Downloads/InventoryReport-01302025_130043.xlsx
Email sent successfully! at 2025-01-30 18:00:56.376591
<selenium.webdriver.remote.webelement.WebElement (session="1b5e33dce813d9193446990710775a98", element="f.BB3655DE321217EC0EAFE589E5CF5174.d.F05B90884CAAC534A3CDE45F3EAD7933.e.4")>
<selenium.webdriver.remote.webelement.WebElement (session="1b5e33dce813d9193446990710775a98", element="f.BB3655DE321217EC0EAFE589E5CF5174.d.F05B90884CAAC534A3CDE45F3EAD7933.e.5")>
No login handle needed
No login handle needed
<selenium.webdriver.remote.webelement.WebElement (session="4a509609e2721160506b513b9120b9c7", element="f.943C8432FD8A7544EAF2BFA131853B95.d.EAD7CA1FD15DEFA1581E65B9694CB0B7.e.4")>
<selenium.webdriver.remote.webelement.WebElement (session="4a509609e2721160506b513b9120b9c7", element="f.943C8432FD8A7544EAF2BFA131853B95.d.EAD7CA1FD15DEFA1581E65B9694CB0B7.e.5")>
No login handle needed
No login handle needed
Latest download file: /Users/juliacordero/Downloads/InventoryReport-01302025_160644.xlsx
Email sent successfully! at 2025-01-30 21:06:50.417793
<selenium.webdriver.remote.webelement.WebElement (session="c1ead70b041cbda7ed8965f57c50ddd8", element="f.6F02EECF1AEFE4B91A22536E0D408C58.d.14EE150A91E35D311DF3F11F4ECD3F38.e.4")>
<selenium.webdriver.remote.webelement.WebElement (session="c1ead70b041cbda7ed8965f57c50ddd8", element="f.6F02EECF1AEFE4B91A22536E0D408C58.d.14EE150A91E35D311DF3F11F4ECD3F38.e.5")>
No login handle needed
No login handle needed
Latest download file: /Users/juliacordero/Downloads/InventoryReport-01302025_170033.xlsx
Email sent successfully! at 2025-01-30 22:00:47.860422
<selenium.webdriver.remote.webelement.WebElement (session="6653251ff2b7e2138b84b386b9b7e21b", element="f.26A5FFC7B64A058724D9B9DDE152D00F.d.8FF67DDC4B547F468B5F6AEC8C84629A.e.4")>
<selenium.webdriver.remote.webelement.WebElement (session="6653251ff2b7e2138b84b386b9b7e21b", element="f.26A5FFC7B64A058724D9B9DDE152D00F.d.8FF67DDC4B547F468B5F6AEC8C84629A.e.5")>
No login handle needed
No login handle needed
Latest download file: /Users/juliacordero/Downloads/InventoryReport-01302025_180040.xlsx
Email sent successfully! at 2025-01-30 23:00:54.954487
<selenium.webdriver.remote.webelement.WebElement (session="6dd521fb9c361015f03fb53eec29e995", element="f.A1C86F218941EACB12355F3AABE01FAC.d.4D6EB12E3624A6D703EADB8C3D36615A.e.4")>
<selenium.webdriver.remote.webelement.WebElement (session="6dd521fb9c361015f03fb53eec29e995", element="f.A1C86F218941EACB12355F3AABE01FAC.d.4D6EB12E3624A6D703EADB8C3D36615A.e.5")>
No login handle needed
No login handle needed
<selenium.webdriver.remote.webelement.WebElement (session="a3fe1ad0f4a170adca1f1eaecc3e473e", element="f.C35F29C70599C4133DF8DC6EF35AB9EC.d.FE91887884CBBECFACF8F49CB24062F4.e.4")>
<selenium.webdriver.remote.webelement.WebElement (session="a3fe1ad0f4a170adca1f1eaecc3e473e", element="f.C35F29C70599C4133DF8DC6EF35AB9EC.d.FE91887884CBBECFACF8F49CB24062F4.e.5")>
No login handle needed
No login handle needed
<selenium.webdriver.remote.webelement.WebElement (session="a4fb98b46b101fa80a00b36129f4d1d5", element="f.ED61E403E98613840D22F8E0263DFF46.d.1F7F20B82116B1AEA116FDD2395CD9F4.e.4")>
<selenium.webdriver.remote.webelement.WebElement (session="a4fb98b46b101fa80a00b36129f4d1d5", element="f.ED61E403E98613840D22F8E0263DFF46.d.1F7F20B82116B1AEA116FDD2395CD9F4.e.5")>
No login handle needed
No login handle needed
<selenium.webdriver.remote.webelement.WebElement (session="ca497935abdee98799454671a07e7b3a", element="f.83DF0BE4073B7B7C90206AC7425DDE48.d.809F734993F66C5AB71A8D7A7B205648.e.4")>
<selenium.webdriver.remote.webelement.WebElement (session="ca497935abdee98799454671a07e7b3a", element="f.83DF0BE4073B7B7C90206AC7425DDE48.d.809F734993F66C5AB71A8D7A7B205648.e.5")>
No login handle needed
No login handle needed
<selenium.webdriver.remote.webelement.WebElement (session="ea577beccd87ba33b4611afc7330ad21", element="f.090325B9B250B966DBC48A64C61675A1.d.69FF9FA85D3F9238DD86F2DA62383E8A.e.4")>
<selenium.webdriver.remote.webelement.WebElement (session="ea577beccd87ba33b4611afc7330ad21", element="f.090325B9B250B966DBC48A64C61675A1.d.69FF9FA85D3F9238DD86F2DA62383E8A.e.5")>
No login handle needed
No login handle needed
<selenium.webdriver.remote.webelement.WebElement (session="d86ad1423d2d22ef6fbb55ea5d8da97f", element="f.DD0129564C31A6EC0802D4318A72D29F.d.270857A5B919F7C067D1540DB7C99CC4.e.4")>
<selenium.webdriver.remote.webelement.WebElement (session="d86ad1423d2d22ef6fbb55ea5d8da97f", element="f.DD0129564C31A6EC0802D4318A72D29F.d.270857A5B919F7C067D1540DB7C99CC4.e.5")>
<selenium.webdriver.remote.webelement.WebElement (session="73701c10af8757d05b42482b41c2ff4a", element="f.18159B365D6BEE7D08D46DD898269137.d.8BB4E54D6F69F2B292D27242693DD682.e.4")>
<selenium.webdriver.remote.webelement.WebElement (session="73701c10af8757d05b42482b41c2ff4a", element="f.18159B365D6BEE7D08D46DD898269137.d.8BB4E54D6F69F2B292D27242693DD682.e.5")>
No login handle needed
No login handle needed
<selenium.webdriver.remote.webelement.WebElement (session="79f4694e870803ca0c83faae431c2dea", element="f.4C107490D48BF01751546A2C1B2B654A.d.9A9B739CF162A38E867BFD40D767C671.e.4")>
<selenium.webdriver.remote.webelement.WebElement (session="79f4694e870803ca0c83faae431c2dea", element="f.4C107490D48BF01751546A2C1B2B654A.d.9A9B739CF162A38E867BFD40D767C671.e.5")>
No login handle needed
No login handle needed
<selenium.webdriver.remote.webelement.WebElement (session="38e4b131c3923cfe582aa9571657bd71", element="f.0C3249FC7F6E1E1966812741982C31B0.d.EAD648CA93B43DE154E01E5A217012B9.e.4")>
<selenium.webdriver.remote.webelement.WebElement (session="38e4b131c3923cfe582aa9571657bd71", element="f.0C3249FC7F6E1E1966812741982C31B0.d.EAD648CA93B43DE154E01E5A217012B9.e.5")>
Latest download file: /Users/juliacordero/Downloads/InventoryReport-01312025_070053.xlsx
Email sent successfully! at 2025-01-31 12:01:07.421059
<selenium.webdriver.remote.webelement.WebElement (session="ee9f6322150a39cace8a17541e81e23b", element="f.27271B58DE88E2C65443AB4F89A94ABB.d.3E50FE8AFCD2B22FEFD76DA9DE19F533.e.4")>
<selenium.webdriver.remote.webelement.WebElement (session="ee9f6322150a39cace8a17541e81e23b", element="f.27271B58DE88E2C65443AB4F89A94ABB.d.3E50FE8AFCD2B22FEFD76DA9DE19F533.e.5")>
Latest download file: /Users/juliacordero/Downloads/InventoryReport-01312025_080034.xlsx
Email sent successfully! at 2025-01-31 13:00:47.717402
<selenium.webdriver.remote.webelement.WebElement (session="25046a37e24d8062f1c3cf51a450e677", element="f.25DF442234E4D808D409A5C42BD3EAA6.d.CC533074F6D59CAB87D895AB8A070B90.e.4")>
<selenium.webdriver.remote.webelement.WebElement (session="25046a37e24d8062f1c3cf51a450e677", element="f.25DF442234E4D808D409A5C42BD3EAA6.d.CC533074F6D59CAB87D895AB8A070B90.e.5")>
Latest download file: /Users/juliacordero/Downloads/InventoryReport-01312025_090044.xlsx
Email sent successfully! at 2025-01-31 14:00:57.744428
<selenium.webdriver.remote.webelement.WebElement (session="ca74ef2f5fde6968c8ed0febba1095dd", element="f.25559B2BCCE4F901C25B56FA9ACBCFF6.d.DC55A108D462731860E5F3291E45142C.e.4")>
<selenium.webdriver.remote.webelement.WebElement (session="ca74ef2f5fde6968c8ed0febba1095dd", element="f.25559B2BCCE4F901C25B56FA9ACBCFF6.d.DC55A108D462731860E5F3291E45142C.e.5")>
Latest download file: /Users/juliacordero/Downloads/InventoryReport-01312025_120047.xlsx
Email sent successfully! at 2025-01-31 17:01:01.621255
<selenium.webdriver.remote.webelement.WebElement (session="a0bd5df35a6406ca4d4a978c23a04ea5", element="f.831D623E3D7D0AB602BC4EC9D109AE67.d.EC87A709D32230D3311D0C0758F250E7.e.4")>
<selenium.webdriver.remote.webelement.WebElement (session="a0bd5df35a6406ca4d4a978c23a04ea5", element="f.831D623E3D7D0AB602BC4EC9D109AE67.d.EC87A709D32230D3311D0C0758F250E7.e.5")>
No login handle needed
No login handle needed
Latest download file: /Users/juliacordero/Downloads/InventoryReport-01312025_130037.xlsx
Email sent successfully! at 2025-01-31 18:00:52.084035
<selenium.webdriver.remote.webelement.WebElement (session="e6b90d057c954dc3b54820863394a3fa", element="f.0AD5847E5E5BE89A65A55AF611BEAB2F.d.B006037B519F5A7F6A25938D7497FC14.e.4")>
<selenium.webdriver.remote.webelement.WebElement (session="e6b90d057c954dc3b54820863394a3fa", element="f.0AD5847E5E5BE89A65A55AF611BEAB2F.d.B006037B519F5A7F6A25938D7497FC14.e.5")>
No login handle needed
No login handle needed
Latest download file: /Users/juliacordero/Downloads/InventoryReport-01312025_133636.xlsx
Email sent successfully! at 2025-01-31 18:36:49.630748
<selenium.webdriver.remote.webelement.WebElement (session="3cde64966adab5fb2284c0f15eb45f79", element="f.52C8C444278BDD852074232E930E20C0.d.7F890FAB20366CA8F8C71DA3A30DB326.e.4")>
<selenium.webdriver.remote.webelement.WebElement (session="3cde64966adab5fb2284c0f15eb45f79", element="f.52C8C444278BDD852074232E930E20C0.d.7F890FAB20366CA8F8C71DA3A30DB326.e.5")>
Latest download file: /Users/juliacordero/Downloads/InventoryReport-01312025_133921.xlsx
Email sent successfully! at 2025-01-31 18:39:35.603089
<selenium.webdriver.remote.webelement.WebElement (session="6ae8ad89b0c122ec41c96dfabe191e2f", element="f.F012B2E7C9CCD89C20632551B5BE5F80.d.E0636C2A726403472E90B9A53F6F2423.e.4")>
<selenium.webdriver.remote.webelement.WebElement (session="6ae8ad89b0c122ec41c96dfabe191e2f", element="f.F012B2E7C9CCD89C20632551B5BE5F80.d.E0636C2A726403472E90B9A53F6F2423.e.5")>
Latest download file: /Users/juliacordero/Downloads/InventoryReport-01312025_134205.xlsx
Email sent successfully! at 2025-01-31 18:42:19.840584
file script started executing at  2025-01-31 18:44:21
<selenium.webdriver.remote.webelement.WebElement (session="4125649991203edbdc3fa1c2e10c2456", element="f.42A7433E2B117DCEB8D7757900D0C7E6.d.A836CD23B6490083D02952DD2CDB10FB.e.4")>
<selenium.webdriver.remote.webelement.WebElement (session="4125649991203edbdc3fa1c2e10c2456", element="f.42A7433E2B117DCEB8D7757900D0C7E6.d.A836CD23B6490083D02952DD2CDB10FB.e.5")>
Latest download file: /Users/juliacordero/Downloads/InventoryReport-01312025_134450.xlsx
Email sent successfully! at 2025-01-31 18:45:03.814970
file script started executing at  2025-01-31 18:47:05
<selenium.webdriver.remote.webelement.WebElement (session="6e26bd9c2f4b486e55cb89c96075ed33", element="f.D9C6F3DE3A5CFDEE73D14758D9358DA0.d.81867E39C6C9E9C99C640680C51F665B.e.4")>
<selenium.webdriver.remote.webelement.WebElement (session="6e26bd9c2f4b486e55cb89c96075ed33", element="f.D9C6F3DE3A5CFDEE73D14758D9358DA0.d.81867E39C6C9E9C99C640680C51F665B.e.5")>
Latest download file: /Users/juliacordero/Downloads/InventoryReport-01312025_134733.xlsx
Email sent successfully! at 2025-01-31 18:47:47.727268
file script started executing at  2025-01-31 18:49:50
<selenium.webdriver.remote.webelement.WebElement (session="196837e61f89693f8ac935950f53fe4e", element="f.65157E9AFBC198720C4EE228B0B1DA2A.d.FF0A12754AC232A65B6E5C4DB28110FF.e.4")>
<selenium.webdriver.remote.webelement.WebElement (session="196837e61f89693f8ac935950f53fe4e", element="f.65157E9AFBC198720C4EE228B0B1DA2A.d.FF0A12754AC232A65B6E5C4DB28110FF.e.5")>
Latest download file: /Users/juliacordero/Downloads/InventoryReport-01312025_135019.xlsx
Email sent successfully! at 2025-01-31 18:50:33.082768
file script started executing at  2025-01-31 18:52:35
<selenium.webdriver.remote.webelement.WebElement (session="e900d66b16e49488169338e480ee3894", element="f.69902B44304E30F30EB7A498DD48DF08.d.82C98E31B3B2570B45D3EC4675D2984B.e.4")>
<selenium.webdriver.remote.webelement.WebElement (session="e900d66b16e49488169338e480ee3894", element="f.69902B44304E30F30EB7A498DD48DF08.d.82C98E31B3B2570B45D3EC4675D2984B.e.5")>
Latest download file: /Users/juliacordero/Downloads/InventoryReport-01312025_135303.xlsx
Email sent successfully! at 2025-01-31 18:53:18.153023
file script started executing at  2025-01-31 18:55:52
file script started executing at  2025-01-31 19:00:07
file script started executing at  2025-01-31 19:16:36
<selenium.webdriver.remote.webelement.WebElement (session="9209d0c459c4a3fb38bd00329b1a5503", element="f.DDD04A84F3CD77C1DD0A07E56E095736.d.E5DF09F0A9232B767066F26B11FC4381.e.4")>
<selenium.webdriver.remote.webelement.WebElement (session="9209d0c459c4a3fb38bd00329b1a5503", element="f.DDD04A84F3CD77C1DD0A07E56E095736.d.E5DF09F0A9232B767066F26B11FC4381.e.5")>
No login handle needed
No login handle needed
Latest download file: /Users/juliacordero/Downloads/InventoryReport-01312025_141701.xlsx
Email sent successfully! at 2025-01-31 19:17:16.088947
file script started executing at  2025-01-31 20:00:08
<selenium.webdriver.remote.webelement.WebElement (session="e662e6c593995e715baf2b6c1142eaf6", element="f.A3CD9B505ADC06AA11C8318BD41C071D.d.15ACA95E3E34D17E1F52E6FD2D28A2C1.e.4")>
<selenium.webdriver.remote.webelement.WebElement (session="e662e6c593995e715baf2b6c1142eaf6", element="f.A3CD9B505ADC06AA11C8318BD41C071D.d.15ACA95E3E34D17E1F52E6FD2D28A2C1.e.5")>
No login handle needed
No login handle needed
Latest download file: /Users/juliacordero/Downloads/InventoryReport-01312025_150048.xlsx
Email sent successfully! at 2025-01-31 20:01:02.161079
file script started executing at  2025-01-31 21:00:06
<selenium.webdriver.remote.webelement.WebElement (session="dbd0ca5c4475e73c3d44f43e0e3fdac0", element="f.21CFE3E2A45A6EAD14DF49032DA59C46.d.B01C0208976C492F5F6A4C11C68A2E23.e.4")>
<selenium.webdriver.remote.webelement.WebElement (session="dbd0ca5c4475e73c3d44f43e0e3fdac0", element="f.21CFE3E2A45A6EAD14DF49032DA59C46.d.B01C0208976C492F5F6A4C11C68A2E23.e.5")>
No login handle needed
No login handle needed
Latest download file: /Users/juliacordero/Downloads/InventoryReport-01312025_160041.xlsx
Email sent successfully! at 2025-01-31 21:00:56.106942
file script started executing at  2025-01-31 22:12:43
file script started executing at  2025-02-02 18:00:03
<selenium.webdriver.remote.webelement.WebElement (session="c6d14bee793849ea33ba6534ef7c5c4a", element="f.1C1DFF8309463F189F8C7B41AEB61160.d.601CD6ABBB50414E6518BD5B31B485D2.e.4")>
<selenium.webdriver.remote.webelement.WebElement (session="c6d14bee793849ea33ba6534ef7c5c4a", element="f.1C1DFF8309463F189F8C7B41AEB61160.d.601CD6ABBB50414E6518BD5B31B485D2.e.5")>
No login handle needed
No login handle needed
Latest download file: /Users/juliacordero/Downloads/InventoryReport-02022025_130033.xlsx
Email sent successfully! at 2025-02-02 18:00:47.466155
file script started executing at  2025-02-02 19:00:06
<selenium.webdriver.remote.webelement.WebElement (session="3602bc2996fee6c1c2e785a6caee5b48", element="f.BBD3665B7DC4DB109CEBA5C1414DEF8F.d.D47D8D4846706F618EBA9BA75D792D9A.e.4")>
<selenium.webdriver.remote.webelement.WebElement (session="3602bc2996fee6c1c2e785a6caee5b48", element="f.BBD3665B7DC4DB109CEBA5C1414DEF8F.d.D47D8D4846706F618EBA9BA75D792D9A.e.5")>
No login handle needed
No login handle needed
Latest download file: /Users/juliacordero/Downloads/InventoryReport-02022025_140036.xlsx
Email sent successfully! at 2025-02-02 19:00:50.799656
file script started executing at  2025-02-02 20:15:22
file script started executing at  2025-02-03 01:13:31
<selenium.webdriver.remote.webelement.WebElement (session="59bd6d0162aed20246ac0c45686f1f59", element="f.4F50F4E6CFD55685B081555FC9A7F906.d.735F79663F7533381FA19BD27F65F299.e.4")>
<selenium.webdriver.remote.webelement.WebElement (session="59bd6d0162aed20246ac0c45686f1f59", element="f.4F50F4E6CFD55685B081555FC9A7F906.d.735F79663F7533381FA19BD27F65F299.e.5")>
No login handle needed
No login handle needed
file script started executing at  2025-02-03 02:10:02
<selenium.webdriver.remote.webelement.WebElement (session="e5218c02760095b59224f91f6c9f006c", element="f.313E010689BAB7513F7B0C91DD4D6324.d.3B57DAC041A20C427FB6EDE568432F3D.e.4")>
<selenium.webdriver.remote.webelement.WebElement (session="e5218c02760095b59224f91f6c9f006c", element="f.313E010689BAB7513F7B0C91DD4D6324.d.3B57DAC041A20C427FB6EDE568432F3D.e.5")>
No login handle needed
No login handle needed
file script started executing at  2025-02-03 08:16:08
file script started executing at  2025-02-03 10:00:08
<selenium.webdriver.remote.webelement.WebElement (session="d1cd42ecf476523cadd5f5663d432b5f", element="f.A316CF699BD541EFA7F982270D601E2D.d.CC2D682F5001452A1FA0FD375DCB259C.e.4")>
<selenium.webdriver.remote.webelement.WebElement (session="d1cd42ecf476523cadd5f5663d432b5f", element="f.A316CF699BD541EFA7F982270D601E2D.d.CC2D682F5001452A1FA0FD375DCB259C.e.5")>
Latest download file: /Users/juliacordero/Downloads/InventoryReport-02032025_050037.xlsx
Email sent successfully! at 2025-02-03 10:00:51.667633
file script started executing at  2025-02-03 11:00:12
<selenium.webdriver.remote.webelement.WebElement (session="5181f28593fbabfca4d305be19ab3256", element="f.B9DC7161499798A65CD8AD04F0A8EE2E.d.658B13157F21F76BFEB3E2A284FD5E98.e.4")>
<selenium.webdriver.remote.webelement.WebElement (session="5181f28593fbabfca4d305be19ab3256", element="f.B9DC7161499798A65CD8AD04F0A8EE2E.d.658B13157F21F76BFEB3E2A284FD5E98.e.5")>
No login handle needed
No login handle needed
Latest download file: /Users/juliacordero/Downloads/InventoryReport-02032025_060046.xlsx
Email sent successfully! at 2025-02-03 11:01:00.786592
file script started executing at  2025-02-03 12:00:04
<selenium.webdriver.remote.webelement.WebElement (session="3b72b06c06475a4033487e44b3e5e84c", element="f.375897B7AFE3A3438AF281A338AF4B16.d.151B51B6EBB702BA2FD749E3083050EF.e.4")>
<selenium.webdriver.remote.webelement.WebElement (session="3b72b06c06475a4033487e44b3e5e84c", element="f.375897B7AFE3A3438AF281A338AF4B16.d.151B51B6EBB702BA2FD749E3083050EF.e.5")>
Latest download file: /Users/juliacordero/Downloads/InventoryReport-02032025_070103.xlsx
Email sent successfully! at 2025-02-03 12:01:16.684460
file script started executing at  2025-02-03 13:00:12
<selenium.webdriver.remote.webelement.WebElement (session="34c1808ee74cfe8f871a892f3cbe9a12", element="f.8F229C77E0C2015B8DD4D43F19E449CB.d.D126D053D665FA9A5B97536EE77E2DD1.e.4")>
<selenium.webdriver.remote.webelement.WebElement (session="34c1808ee74cfe8f871a892f3cbe9a12", element="f.8F229C77E0C2015B8DD4D43F19E449CB.d.D126D053D665FA9A5B97536EE77E2DD1.e.5")>
Latest download file: /Users/juliacordero/Downloads/InventoryReport-02032025_080047.xlsx
Email sent successfully! at 2025-02-03 13:01:01.278600
file script started executing at  2025-02-03 14:03:43
<selenium.webdriver.remote.webelement.WebElement (session="44d3b9ce0276fd42d3f619bfd8e7d621", element="f.6B7006703DE07B0A391E0896B087B578.d.37E06DA07BFEC7B7BD686FC4DC205B40.e.4")>
<selenium.webdriver.remote.webelement.WebElement (session="44d3b9ce0276fd42d3f619bfd8e7d621", element="f.6B7006703DE07B0A391E0896B087B578.d.37E06DA07BFEC7B7BD686FC4DC205B40.e.5")>
No login handle needed
No login handle needed
Latest download file: /Users/juliacordero/Downloads/InventoryReport-02032025_090833.xlsx
Email sent successfully! at 2025-02-03 14:08:47.233021
file script started executing at  2025-02-03 15:00:04
<selenium.webdriver.remote.webelement.WebElement (session="7714f6ab8d383359de5f534f9a6099e0", element="f.3BB448263CE78B02743266C6FCB486D7.d.96B8D10A2D31AB0CBA7AEC3C2D8C804C.e.4")>
<selenium.webdriver.remote.webelement.WebElement (session="7714f6ab8d383359de5f534f9a6099e0", element="f.3BB448263CE78B02743266C6FCB486D7.d.96B8D10A2D31AB0CBA7AEC3C2D8C804C.e.5")>
No login handle needed
No login handle needed
Latest download file: /Users/juliacordero/Downloads/InventoryReport-02032025_100101.xlsx
Email sent successfully! at 2025-02-03 15:01:14.922803
file script started executing at  2025-02-03 16:02:48
<selenium.webdriver.remote.webelement.WebElement (session="3c220d1dad3d9974e869cf3df34e8655", element="f.F2AC50FCD916C4EB04C784C4E228E950.d.4153101D03CC501B7B1B2EDA2318A19D.e.4")>
<selenium.webdriver.remote.webelement.WebElement (session="3c220d1dad3d9974e869cf3df34e8655", element="f.F2AC50FCD916C4EB04C784C4E228E950.d.4153101D03CC501B7B1B2EDA2318A19D.e.5")>
No login handle needed
No login handle needed
file script started executing at  2025-02-03 17:00:15
<selenium.webdriver.remote.webelement.WebElement (session="91924fddc7b920ea2fafd44a1e66bba1", element="f.BCA51D4D776A720DDB3A24856D61EECD.d.6EB4157C645CCB3A017CC92C3CABBAC0.e.4")>
<selenium.webdriver.remote.webelement.WebElement (session="91924fddc7b920ea2fafd44a1e66bba1", element="f.BCA51D4D776A720DDB3A24856D61EECD.d.6EB4157C645CCB3A017CC92C3CABBAC0.e.5")>
No login handle needed
No login handle needed
file script started executing at  2025-02-03 18:00:07
<selenium.webdriver.remote.webelement.WebElement (session="8835976fbd79700cb0b817fe23ebf31c", element="f.236112E960B956A606AE987492CDCF6E.d.DFAD7D616741253D1B772516D33BABFF.e.4")>
<selenium.webdriver.remote.webelement.WebElement (session="8835976fbd79700cb0b817fe23ebf31c", element="f.236112E960B956A606AE987492CDCF6E.d.DFAD7D616741253D1B772516D33BABFF.e.5")>
Latest download file: /Users/juliacordero/Downloads/InventoryReport-02032025_130036.xlsx
Email sent successfully! at 2025-02-03 18:00:50.564318
file script started executing at  2025-02-03 19:00:07
<selenium.webdriver.remote.webelement.WebElement (session="c80eae11e5bec41c28e86502a04e21b8", element="f.1FB26C04DA08C7D3AD324D47A3D85C30.d.21F0A62E75A1BE606158943455631AFC.e.4")>
<selenium.webdriver.remote.webelement.WebElement (session="c80eae11e5bec41c28e86502a04e21b8", element="f.1FB26C04DA08C7D3AD324D47A3D85C30.d.21F0A62E75A1BE606158943455631AFC.e.5")>
Latest download file: /Users/juliacordero/Downloads/InventoryReport-02032025_140037.xlsx
Email sent successfully! at 2025-02-03 19:00:51.159436
file script started executing at  2025-02-03 20:00:03
<selenium.webdriver.remote.webelement.WebElement (session="98cf654bf5e855e79c33ba4b685b709d", element="f.A67ADFD2E4A48FF486CFE53B07EB8165.d.4D58AB12DEF458687F9FAB732F85A811.e.4")>
<selenium.webdriver.remote.webelement.WebElement (session="98cf654bf5e855e79c33ba4b685b709d", element="f.A67ADFD2E4A48FF486CFE53B07EB8165.d.4D58AB12DEF458687F9FAB732F85A811.e.5")>
Latest download file: /Users/juliacordero/Downloads/InventoryReport-02032025_150053.xlsx
Email sent successfully! at 2025-02-03 20:01:07.911794
file script started executing at  2025-02-03 21:06:55
<selenium.webdriver.remote.webelement.WebElement (session="caab93252cff2adb0cb69b266dc882f2", element="f.4AF0E78ADA64085A076D87D7A9857C08.d.6E349ABBD2DA0F463EAE485E2C17FF8C.e.4")>
<selenium.webdriver.remote.webelement.WebElement (session="caab93252cff2adb0cb69b266dc882f2", element="f.4AF0E78ADA64085A076D87D7A9857C08.d.6E349ABBD2DA0F463EAE485E2C17FF8C.e.5")>
file script started executing at  2025-02-03 23:06:01
<selenium.webdriver.remote.webelement.WebElement (session="e7fb688bc5a03888d457c13f678d03ce", element="f.E27BF04CE35B28965D9FD0B96A05E7DC.d.246ED681AF23E6F6F0FE4564639894E3.e.4")>
<selenium.webdriver.remote.webelement.WebElement (session="e7fb688bc5a03888d457c13f678d03ce", element="f.E27BF04CE35B28965D9FD0B96A05E7DC.d.246ED681AF23E6F6F0FE4564639894E3.e.5")>
file script started executing at  2025-02-04 00:11:53
<selenium.webdriver.remote.webelement.WebElement (session="14f8b666750eae8f6698a79cc61a889e", element="f.976EFCB32AAFCD3B91AA6B6267E3FA0E.d.96006DFBE05E13B87F4F84932361D674.e.4")>
<selenium.webdriver.remote.webelement.WebElement (session="14f8b666750eae8f6698a79cc61a889e", element="f.976EFCB32AAFCD3B91AA6B6267E3FA0E.d.96006DFBE05E13B87F4F84932361D674.e.5")>
No login handle needed
No login handle needed
file script started executing at  2025-02-04 01:13:32
<selenium.webdriver.remote.webelement.WebElement (session="89f2dcfbb19ce1e9c979059cc6939a59", element="f.6CC6C9F720B54C8050CD88DFD38B6F0E.d.010C50A39C199D495F846CDD2B309D9A.e.4")>
<selenium.webdriver.remote.webelement.WebElement (session="89f2dcfbb19ce1e9c979059cc6939a59", element="f.6CC6C9F720B54C8050CD88DFD38B6F0E.d.010C50A39C199D495F846CDD2B309D9A.e.5")>
No login handle needed
No login handle needed
file script started executing at  2025-02-04 03:08:32
<selenium.webdriver.remote.webelement.WebElement (session="10e318c6ce5fec46550119628a91084d", element="f.BCFCD29124703D03D1D203D03E5C0F5D.d.96C5660225FAEBB6A8FD1D9563FCF728.e.4")>
<selenium.webdriver.remote.webelement.WebElement (session="10e318c6ce5fec46550119628a91084d", element="f.BCFCD29124703D03D1D203D03E5C0F5D.d.96C5660225FAEBB6A8FD1D9563FCF728.e.5")>
file script started executing at  2025-02-04 04:12:38
<selenium.webdriver.remote.webelement.WebElement (session="2bce253749d96cbe9f092ce1cfef6604", element="f.16E1E9E03190C5BE8D4E3D49C696412A.d.41DFA3788647352DF4E8159E73AC2166.e.4")>
<selenium.webdriver.remote.webelement.WebElement (session="2bce253749d96cbe9f092ce1cfef6604", element="f.16E1E9E03190C5BE8D4E3D49C696412A.d.41DFA3788647352DF4E8159E73AC2166.e.5")>
No login handle needed
No login handle needed
file script started executing at  2025-02-04 06:06:19
<selenium.webdriver.remote.webelement.WebElement (session="0672ef2b11ab3bb2d66ed1ec31620d76", element="f.7B42307AF3152B6FB8ECB29753F3C285.d.2352D8C455B597DC38C0099E3B6D5CB4.e.4")>
<selenium.webdriver.remote.webelement.WebElement (session="0672ef2b11ab3bb2d66ed1ec31620d76", element="f.7B42307AF3152B6FB8ECB29753F3C285.d.2352D8C455B597DC38C0099E3B6D5CB4.e.5")>
file script started executing at  2025-02-04 07:15:34
<selenium.webdriver.remote.webelement.WebElement (session="02327e1d46af4263e2305188bb1c0691", element="f.7CA57565E557B330ABC1E9ABCA1DE5CA.d.E185E13CBDA5742DD47206609E013326.e.4")>
<selenium.webdriver.remote.webelement.WebElement (session="02327e1d46af4263e2305188bb1c0691", element="f.7CA57565E557B330ABC1E9ABCA1DE5CA.d.E185E13CBDA5742DD47206609E013326.e.5")>
file script started executing at  2025-02-04 09:04:16
<selenium.webdriver.remote.webelement.WebElement (session="7d972109ca81419f1da1ef1cf2c20afd", element="f.9789EF0E82408A64698E97D2A80FED03.d.CA9339BAAEDCF9EF78A068B30CEDDD38.e.4")>
<selenium.webdriver.remote.webelement.WebElement (session="7d972109ca81419f1da1ef1cf2c20afd", element="f.9789EF0E82408A64698E97D2A80FED03.d.CA9339BAAEDCF9EF78A068B30CEDDD38.e.5")>
file script started executing at  2025-02-04 10:00:02
<selenium.webdriver.remote.webelement.WebElement (session="a4789e18c09c5860f7f5e749febe9430", element="f.68C8C235313FB991AAFD290EFF0D49B5.d.9093AAEC841A77D22761580E6E8BEA13.e.4")>
<selenium.webdriver.remote.webelement.WebElement (session="a4789e18c09c5860f7f5e749febe9430", element="f.68C8C235313FB991AAFD290EFF0D49B5.d.9093AAEC841A77D22761580E6E8BEA13.e.5")>
No login handle needed
No login handle needed
file script started executing at  2025-02-04 12:00:06
<selenium.webdriver.remote.webelement.WebElement (session="33e2b9753fbb6b753d2bf9dc51fd31d9", element="f.8CBBEED6110F79E8FD5A9EBE9181D6A4.d.96B35963164FD1120A5553A72B20A3BA.e.4")>
<selenium.webdriver.remote.webelement.WebElement (session="33e2b9753fbb6b753d2bf9dc51fd31d9", element="f.8CBBEED6110F79E8FD5A9EBE9181D6A4.d.96B35963164FD1120A5553A72B20A3BA.e.5")>
Latest download file: /Users/juliacordero/Downloads/InventoryReport-02042025_070045.xlsx
Email sent successfully! at 2025-02-04 12:00:58.631465
